<?xml version="1.0" encoding="UTF-8"?>
<!-- Generated by org.testng.reporters.JUnitReportReporter -->
<testsuite skipped="0" hostname="Arpit" name="SeleniumTestNG.Parmetriazation" tests="2" failures="0" timestamp="30 Jun 2019 06:44:05 GMT" time="0.016" errors="0">
  <testcase name="TLParametreTest" time="0.003" classname="SeleniumTestNG.Parmetriazation"/>
  <testcase name="TLParametreTest" time="0.013" classname="SeleniumTestNG.Parmetriazation"/>
</testsuite> <!-- SeleniumTestNG.Parmetriazation -->
