<?xml version="1.0" encoding="UTF-8"?>
<!-- Generated by org.testng.reporters.JUnitReportReporter -->
<testsuite skipped="0" hostname="Arpit" name="SeleniumTestNG.TestClass1" tests="1" failures="0" timestamp="22 Jun 2019 15:59:45 GMT" time="0.005" errors="0">
  <testcase name="testmethodclass2" time="0.005" classname="SeleniumTestNG.TestClass1"/>
</testsuite> <!-- SeleniumTestNG.TestClass1 -->
