<?xml version="1.0" encoding="UTF-8"?>
<!-- Generated by org.testng.reporters.JUnitReportReporter -->
<testsuite skipped="0" hostname="Arpit" name="SeleniumTestNG.Annotations" tests="3" failures="0" timestamp="30 Jun 2019 04:28:15 GMT" time="0.016" errors="0">
  <testcase name="testmethod3" time="0.005" classname="SeleniumTestNG.Annotations"/>
  <testcase name="testmethod2" time="0.008" classname="SeleniumTestNG.Annotations"/>
  <testcase name="testmethod" time="0.003" classname="SeleniumTestNG.Annotations"/>
</testsuite> <!-- SeleniumTestNG.Annotations -->
